<?xml version="1.0" encoding="UTF-8"?>
<!-- Generated by org.testng.reporters.JUnitReportReporter -->
<testsuite hostname="LTIN241896" failures="0" tests="5" name="testcases.Base" time="23.663" errors="0" timestamp="2024-07-30T16:17:57 IST" skipped="1">
  <testcase classname="testcases.Base" name="searchBox" time="2.441"/>
  <testcase classname="testcases.Base" name="clickonMyworkspace" time="14.591"/>
  <testcase classname="testcases.Base" name="datepicker" time="1.267"/>
  <testcase classname="testcases.Base" name="selectSeat" time="5.364"/>
  <testcase classname="testcases.Base" name="timeSelecter">
    <skipped/>
  </testcase> <!-- timeSelecter -->
</testsuite> <!-- testcases.Base -->
