<?xml version="1.0" encoding="UTF-8"?>
<!-- Generated by org.testng.reporters.JUnitReportReporter -->
<testsuite hostname="LTIN241896" failures="0" tests="5" name="testcases.Login" time="75.457" errors="0" timestamp="2024-08-03T13:17:51 IST" skipped="1">
  <testcase classname="testcases.Login" name="searchBox" time="0.343"/>
  <testcase classname="testcases.Login" name="clickonMyworkspace" time="15.161"/>
  <testcase classname="testcases.Login" name="datepicker" time="0.874"/>
  <testcase classname="testcases.Login" name="selectSeat" time="59.079"/>
  <testcase classname="testcases.Login" name="timeSelecter">
    <skipped/>
  </testcase> <!-- timeSelecter -->
</testsuite> <!-- testcases.Login -->
